[24/07/2026, 03:12:37] [Telegram] FAIL: Token ou Chat ID não configurados
[24/07/2026, 03:12:37] [Discord] FAIL: Webhook URL não configurada
[24/07/2026, 03:12:38] [Google Ping] FAIL: Status: 404
[24/07/2026, 03:12:38] [Bing Ping] FAIL: Status: 410
[24/07/2026, 03:22:37] [Email] FAIL: Erro ao buscar vendedores: Database not initialized
[24/07/2026, 03:23:27] [Email] OK: Enviado para teste@teste.com
[24/07/2026, 03:23:28] [Email] OK: Enviado para comprador@teste.com
[24/07/2026, 03:33:46] [WhatsApp] OK: Inicializando cliente (pode levar alguns segundos)...
[24/07/2026, 03:33:46] [WhatsApp] FAIL: Erro ao iniciar: Could not find Chrome (ver. 146.0.7680.31). This can occur if either
 1. you did not perform an installation before running the script (e.g. `npx puppeteer browsers install chrome`) or
 2. your cache path is incorrectly configured (which is: C:\Users\ggdra\.cache\puppeteer).
For (2), check out our guide on configuring puppeteer at https://pptr.dev/guides/configuration.
[24/07/2026, 03:33:46] [WhatsApp] FAIL: Certifique-se de que o Chromium está instalado
[24/07/2026, 03:36:08] [WhatsApp] OK: Inicializando cliente (pode levar alguns segundos)...
[24/07/2026, 03:36:08] [WhatsApp] FAIL: Erro ao iniciar: Could not find Chrome (ver. 146.0.7680.31). This can occur if either
 1. you did not perform an installation before running the script (e.g. `npx puppeteer browsers install chrome`) or
 2. your cache path is incorrectly configured (which is: C:\Users\ggdra\.cache\puppeteer).
For (2), check out our guide on configuring puppeteer at https://pptr.dev/guides/configuration.
[24/07/2026, 03:36:08] [WhatsApp] FAIL: Certifique-se de que o Chromium está instalado
[24/07/2026, 03:41:29] [WhatsApp] OK: Inicializando cliente (pode levar alguns segundos)...
[24/07/2026, 03:41:56] [WhatsApp] FAIL: Cliente não está pronto
[24/07/2026, 03:47:02] [WhatsApp] OK: Inicializando cliente (pode levar alguns segundos)...
[24/07/2026, 03:57:16] [WhatsApp] OK: Inicializando cliente (pode levar alguns segundos)...
[24/07/2026, 04:01:44] [WhatsApp] OK: Inicializando cliente (pode levar alguns segundos)...
[24/07/2026, 04:03:28] [WhatsApp] OK: Inicializando cliente (pode levar alguns segundos)...
[24/07/2026, 04:06:20] [WhatsApp] OK: Inicializando cliente (pode levar alguns segundos)...
[24/07/2026, 04:09:02] [WhatsApp] OK: Inicializando cliente (pode levar alguns segundos)...
[24/07/2026, 04:09:34] [WhatsApp] OK: Cliente pronto
[24/07/2026, 04:09:35] [WhatsApp] FAIL: Nenhum destino configurado (WHATSSAPP_GROUP_ID ou phoneNumber)
[24/07/2026, 04:11:19] [WhatsApp] OK: Inicializando cliente (pode levar alguns segundos)...
[24/07/2026, 04:11:49] [WhatsApp] OK: Cliente pronto
[24/07/2026, 04:12:18] [WhatsApp] OK: Enviado para 5521965335456
[24/07/2026, 04:16:24] [WhatsApp] OK: Inicializando cliente (pode levar alguns segundos)...
[24/07/2026, 04:16:58] [WhatsApp] OK: Cliente pronto
[24/07/2026, 04:17:06] [WhatsApp] OK: Enviado para 5521965335456
[24/07/2026, 04:18:27] [WhatsApp] OK: Inicializando cliente (pode levar alguns segundos)...
[24/07/2026, 04:19:05] [WhatsApp] OK: Cliente pronto
[24/07/2026, 04:19:18] [WhatsApp] OK: Enviado para 5521965335456
